-0.139784	-31.7617	0	0	-6.59923
-16.2229	0	0	0	0
-16.1869	0	0	0	0
-16.0893	0	0	0	0
-16.1661	0	0	0	0
-16.1299	0	0	0	0
-16.0579	0	0	0	0
-15.4768	0	0	0	0
-15.6261	0	0	0	0
-14.8466	0	0	0	0
-14.6747	0	0	0	0
-14.5094	0	0	0	0
-14.7863	0	0	0	0
-14.1974	0	0	0	0
-13.5693	0	0	0	0
-13.1232	0	0	0	0
-12.6532	0	0	0	0
-12.7466	0	0	0	0
0	-19.9421	0	0	-4.77992
-11.7213	0	0	0	0
-10.344	0	0	0	0
-10.6211	0	0	0	0
-9.70818	0	0	0	0
-9.49275	0	0	0	0
0	-16.6793	0	0	-3.9438
0	0	-3.18997	-10.2499	0.807346
-4.19629	-13.0544	0	0	-0.516936
-9.11786	0	0	0	0
0	-12.7969	0	0	-0.273112
0	-12.0202	0	0	-0.422913
0	-12.5529	0	0	-0.0871656
0	-12.8335	0	0	-0.368329
0	-12.5869	0	0	-0.140679
0	-12.5047	0	0	-0.108892
0	-12.5421	0	0	-0.116463
0	0	-3.15933	-9.35048	0.826038
0	-12.3766	0	0	0
-8.77281	0	0	0	0
-8.86685	0	0	0	0
-3.22645	-12.4591	0	0	-0.427157
-8.58206	0	0	0	0
0	-11.69	0	0	-0.00630295
0	0	-3.17128	-10.0701	0
0	0	-2.58608	-10.671	0
0	0	-2.62153	-10.5388	0
0	0	-3.02881	-10.052	0
0	-11.4971	0	0	0
-8.03167	0	0	0	0
0	0	-2.78549	-10.2914	0
0	0	-2.56793	-10.5006	0
0	0	-2.82274	-10.2323	0
0	0	-3.00683	-9.85214	0
0	0	-3.46736	-8.89118	0
0	0	-3.5806	-8.55689	0
-0.842275	-10.3397	0	0	0
-0.295647	0	-4.44708	-7.28089	0
-0.677337	0	-4.46487	-6.93876	0
1.56773	0	-9.54345	0	2.01833
-3.95241	-10.8326	0	0	-0.205728
0	0	-3.73194	-8.10656	0
-1.04474	-10.1776	0	0	0
-0.964478	-10.1611	0	0	0
-0.913103	-10.151	0	0	0
-3.49927	0	0	0	-2.39566
0	0	0	-12.0536	0
-1.11967	-10.1151	0	0	0
0	0	0	-11.8161	0
0	0	0	-11.7952	0
0	0	-0.166057	-11.515	0
0	0	-3.27499	-8.28807	0
-1.5421	0	0	0	-1.16808
-0.260675	0	0	-11.5292	0
-3.14901	0	0	0	-1.99793
0	0	0	-11.6732	0
0	0	0	-11.5419	0
0	0	0	-11.5606	0
-0.335976	0	0	0	-1.87658
0	0	0	-11.6517	0
-2.27767	0	-2.98743	-4.26807	1.09183
0	0	0	-11.6002	0
-0.00998745	0	0	-11.5998	0
0	0	-0.148038	-11.3104	0
0	0	0	-11.6693	0
0	0	-0.232467	-11.0674	0
0	0	0	-11.4169	0
0	0	0	-11.4525	0
0	0	0	-11.4257	0
-3.41412	0	0	0	-2.24263
0	-11.0847	0	0	-0.625988
-5.97777	0	0	0	-0.360131
0	0	0	-11.4846	0
0	0	0	-11.2546	0
0	0	0	-11.4498	0
0	0	-0.359865	-10.9352	0
0	-9.94211	0	0	0
0	0	0	-11.419	0
0	0	0	-11.2838	0
0	0	0	-11.3942	0
0	0	0	-11.3675	0
0	0	0	-11.2207	0
0	-10.5305	0	0	-0.706204
0	0	0	-11.0409	0
0	0	0	-11.1514	0
0	0	0	-11.0835	0
0	0.0694575	0	-10.9739	0
-1.83504	0	0	0	-1.64814
-2.12826	0	0	0	-1.69111
-7.38902	0	0	0	0
-13.0338	0	-1.10545	0	0
-13.0945	0	-0.921531	0	0
-0.113536	-9.45744	0	0	0
-13.303	0	-0.668681	0	0
-12.9064	0	-0.968066	0	0
-12.8715	0	-0.947323	0	0
-12.8395	0	-0.977029	0	0
-12.2685	0	-1.42951	0	0
-12.3279	0	-1.37716	0	0
-12.5258	0	-1.25302	0	0
-12.4385	0	-1.29711	0	0
-12.2704	0	-1.39649	0	0
-12.3882	0	-1.29593	0	0
-12.9951	0	-0.852851	0	0
-12.3617	0	-1.40164	0	0
-12.2919	0	-1.36857	0	0
-13.4171	0	-0.426427	0	0
-12.503	0	-1.20171	0	0
-12.0288	0	-1.55793	0	0
-0.944532	0	0	-9.95616	0
-12.2673	0	-1.38164	0	0
-13.2437	0	-0.516503	0	0
-13.359	0	-0.41513	0	0
-13.4856	0	-0.299359	0	0
-12.8154	0	-0.905289	0	0
0	-8.8002	0	0	0
-12.2113	0	-1.37128	0	0
-12.2784	0	-1.34046	0	0
-12.3632	0	-1.23923	0	0
-12.5414	0	-1.21924	0	0
-13.4313	0	-0.322655	0	0
-12.4344	0	-1.23721	0	0
-12.496	0	-1.2473	0	0
-12.5579	0	-1.07203	0	0
-12.4161	0	-1.22745	0	0
-12.7906	0	-0.850655	0	0
-11.8476	0	-1.61342	0	0
-12.5572	0	-1.14273	0	0
-12.1271	0	-1.35503	0	0
-12.3671	0	-1.14327	0	0
0.130314	0	0	-10.102	0.307066
-12.6445	0	-0.92042	0	0
-0.754306	0	0	0	-1.46214
-12.6723	0	-0.901376	0	0
-12.6556	0	-0.908926	0	0
-12.3377	0	-1.13718	0	0
-12.0546	0	-1.39382	0	0
-12.4906	0	-1.05016	0	0
-12.6224	0	-0.892339	0	0
-12.8525	0	-0.71541	0	0
-12.1569	0	-1.26738	0	0
-12.353	0	-1.07848	0	0
-12.4044	0	-1.16032	0	0
-12.3005	0	-1.20415	0	0
-14.2033	-0.164824	0	0	0
-12.2688	0	-1.05351	0	0
-12.3351	0	-0.88604	0	0
0	-8.72779	0	0	0
-13.9974	0	0.0490287	0	0
-13.8429	0	0	0	0
-13.8493	0	0	0	0
0.113204	0	0	-10.1511	0.0674432
-0.429715	-8.59851	0	0	0
-13.8634	0	0	0	0
-13.8365	0	0	0	0
-13.8541	0	0	0	0
-13.8367	0	0	0	0
-13.8353	0	0	0	0
-13.8047	0	0	0	0
-13.8434	0	0	0	0
0	0.0327975	0	-10.0782	0
-13.8369	0	0	0	0
-13.8364	0	0	0	0
-13.8584	0	0	0	0
-13.8033	0	0	0	0
-13.8342	0	0	0	0
-13.8224	0	0	0	0
-1.3082	0	0	0	-1.16323
-13.7578	0	0	0	0
-13.7791	0	0	0	0
-0.420547	-11.099	0	0	-2.62255
-13.7897	0	0	0	0
-2.03052	-9.06955	0	0	-0.195294
-13.8171	0	0	0	0
-12.6342	0	-0.296319	0	0
-13.6728	0	0	0	0
-13.7508	0	0	0	0
-13.678	0	0	0	0
-13.6929	0	0	0	0
-13.6872	0	0	0	0
-1.02958	0	0	0	-1.01892
-13.6783	0	0	0	0
-0.540898	0	0	0	-1.50767
-13.6712	0	0	0	0
-13.6664	0	0	0	0
-13.6739	0	0	0	0
-13.6719	0	0	0	0
-13.6675	0	0	0	0
-13.6534	0	0	0	0
0	0	-2.70627	-7.13183	0
0	-9.18065	0	0	0
-13.6394	0	0	0	0
-13.6574	0	0	0	0
-13.6403	0	0	0	0
-13.6513	0	0	0	0
-13.6727	0	0	0	0
-13.6198	0	0	0	0
0	-9.1518	0	0	0
0	-9.14737	0	0	0
-1.70881	-8.64874	0	0	0
-13.5419	0	0	0	0
-13.5744	0	0	0	0
-13.5486	0	0	0	0
-13.61	-0.0278478	0	0	0
-1.71542	-8.57824	0	0	0
0	0	0.828493	-10.9038	0
-10.9564	0	-1.47883	0	0
-0.373366	-10.655	0	0	-2.50468
-13.0672	-0.325189	0	0	0
0	-11.9701	0.00746519	0.56597	-3.68855
-13.2941	0	0	0	0
-1.15122	0	0	-8.92683	0
-12.5482	0.0548079	-0.0191963	0	0
-13.146	-0.101757	0	0	0
-11.7149	0.23203	-0.693472	0	0
-11.9954	0	-0.456239	0	0
-12.0021	0	-0.488495	0	0
-10.8805	0	-1.32346	0	0
-13.2606	0	0.0814081	0	0
-12.4411	0.113578	-0.0351519	0	0
-13.0418	0	0	0	0
-12.0704	0	-0.29013	0	0
-11.4198	0	-0.926316	0	0
-10.9814	0	-1.30439	0	0
-13.0702	-0.147758	0	0	0
-12.8126	0	0	0	0
-0.0980898	0.333598	0	-9.50828	0
-12.3506	0.00559359	0	0	0
-12.8884	0	0	0	0
-12.8489	0	0	0	0
-12.2071	0	-0.0148609	0	0
0	0	-2.17784	-7.08789	0
-12.231	0	0	-0.182694	0.0560202
-9.81215	0	-1.91671	0	0
0	0	-1.38179	-7.75392	0.0201953
0	0	0	-9.38662	0
-12.2728	0	0	0	0
-12.5938	0	0	0	0
0	-2.49688	0	-9.06151	0
-3.0536	0	0	0	-2.02803
-11.502	0.36618	-0.555372	0	0
0	-2.02712	0	-9.12828	0
0	-8.26751	0	0	0
-6.08804	0	0	0	0
-12.3164	-0.158092	0	-0.041394	0.00529406
0	-8.39327	0	0	0
0	0	-6.3143	0	1.66592
-12.5099	-0.0290787	0	0	0
-12.4222	0	0	0	0
0	-2.04658	0	-9.04748	0
0	-2.08834	0	-9.01709	0
0	-2.09354	0	-9.00346	0
-12.4299	0	0	0	0
-1.38135	-7.9772	0	0	0
-1.50936	-7.95262	0	0	0
0	-2.05278	0	-8.96395	0
-1.45861	-7.97239	0	0	0
0	-2.03671	0	-8.95399	0
0	-2.03822	0	-8.95135	0
-12.0531	-0.358568	0	-0.00173477	0
0	-1.83027	0	-8.92638	0
0	-2.05191	0	-8.94095	0
-12.3533	0	0	0	0
0	-8.19293	0	0	0.0778361
-12.2879	-0.00173826	0	0	0
0	-1.94331	0	-8.91141	0
-1.3864	-7.91643	0	0	0
-1.43474	-7.92558	0	0	0
0	-8.18516	-0.0606612	-0.058301	0.0278213
0	-2.29007	0	-8.8241	0
0	-1.83821	0	-8.93707	0
-11.9631	0	0	0	0
-10.2818	0.0107183	-1.00724	0	0
-11.8057	0.551954	0	0	0
0	-1.9006	0	-8.75836	0
-11.7688	0.39104	0	0	0
-1.37994	-7.80303	0	0	0
-10.9423	0.0154863	-0.364134	0	0
0	-7.29223	0	0	0
-0.693564	8.04777	0	0	0
0	-8.0423	0	0	0
-1.22372	-7.78101	0	0	0
-3.99896	-7.75334	0	0	0
-0.176759	-8.03844	0	0	0
0	-2.07067	0	-8.71578	0
-11.7447	-0.167605	0	-0.00250578	0
0	-2.29213	0	-8.61138	0
0	-7.39323	0	0	0
-12.3513	0	0	0.492124	0
0	0	-5.77265	0	1.58586
-0.684697	7.9081	0	0	0
-11.6589	-0.0409279	0	0	0
-0.674412	7.89731	0	0	0
-1.60098	-7.5233	0	0	0
0	-7.83273	0	0	0
0	-7.81979	0	0	0
0	-7.80736	0	0	0
-1.50556	-7.47345	0	0	0
0	-1.10674	0	-8.74247	0
0	-7.45853	0	0	-0.807791
0	-7.90684	0	0	0
-1.54502	-7.44478	0	0	0
-1.49092	-7.45852	0	0	0
-1.53078	-7.44093	0	0	0
-1.44371	-7.54498	0	0	0
0	-0.787463	0	-8.70034	0
0	-7.75584	0	0	0
-1.43233	-7.37705	0	0	0
-1.41805	-7.37319	0	0	0
-1.4869	-7.36283	0	0	0
0	-0.645024	0	-8.71585	0
0	0	-0.84367	-7.57429	0
0	0	-0.703963	-7.71035	0
-0.771846	0	0	0	-0.840534
0	-7.71041	0	0	0
-9.26615	0	-1.40826	0	0
-11.8625	0	0.565409	0	-0.132619
-1.42846	-7.41986	0	0	0
-1.35292	-7.02649	0	0	0
-8.92871	0	0	-1.75655	0
0	-0.725121	0	-8.63197	0
-1.35267	-7.04417	0	0	0
0	0	-5.25623	0	1.68976
0	-0.95486	0	-8.61627	0
0	-0.489649	0.197069	-8.79152	0
0	-7.21647	0	0	0
-11.2423	0	0	0	0
-1.39683	-7.31601	0	0	0
-11.1454	-0.0145984	0	-0.0319595	0.00482477
-1.37803	-7.32225	0	0	0
-1.5686	-7.27263	0	0	0
-1.48143	-7.27219	0	0	0
-1.41257	-7.19231	0	0	0
-1.48089	-7.27743	0	0	0
-1.29639	-7.2352	0	0	0
-8.15745	0	0	-2.10899	0
0	0	4.33827	0	-2.01774
0	-7.6258	0	0	0
-1.49692	-7.20736	0	0	0
-1.52123	-7.25391	0	0	0
0	-7.17722	0	0	0
-11.2276	0	0	0	0
-11.7404	0	0.603734	0	-0.145312
0	0	4.32683	0	-2.04118
0	-7.61647	0	0	0
-1.44754	-7.24556	0	0	0
-1.50436	-7.23971	0	0	0
-1.50124	-7.24317	0	0	0
0	0	4.24474	0	-2.05624
0	0	4.25998	0	-2.05151
-1.29103	-7.21603	0	0	0
0	-7.54717	0	0	0
0	-0.709366	0	-8.54296	0
0	0	4.26897	0	-2.03145
0	0	4.26601	0	-2.03448
-1.27623	-7.2069	0	0	0
-1.49656	-7.22111	0	0	0
0	-7.54378	0	0	0
0	-0.66555	0	-8.55046	0
0	-0.681893	0	-8.52768	0
0	0	4.2648	0	-2.03762
0	-7.54897	0	0	0
0	-7.44676	0	0	0
0	0	4.26406	0	-2.01042
0	0	4.25032	0	-2.02983
0	0	4.35716	0	-1.97606
0	0	4.34472	0	-1.91931
0	-7.53222	0	0	0
0	-7.53894	0	0	0
0	-7.5196	0	0	0
0	-7.52757	0	0	0
0	-7.53211	0	0	0
0	-7.53153	0	0	0
0	-7.54241	0	0	0
0	0	0	-7.18749	0.300101
0	-7.52078	0	0	0
0	-7.5303	0	0	0
0	-7.53169	0	0	0
0	-7.53032	0	0	0
0	-7.53065	0	0	0
0	-7.52652	0	0	0
0	-7.52357	0	0	0
0	-7.5237	0	0	0
0	-7.52583	0	0	0
0	-7.52661	0	0	0
0	-7.52078	0	0	0
0	-7.52367	0	0	0
0	-7.51882	0	0	0
0	-7.51759	0	0	0
-5.00529	0	0	0	0
0	-7.5204	0	0	0
0	-7.5177	0	0	0
0	-7.52271	0	0	0
0	-7.06295	0	0	-0.212065
0	-7.5162	0	0	0
0	-7.51604	0	0	0
0	-7.51667	0	0	0
0	-7.5199	0	0	0
0	-7.51412	0	0	0
0	-7.508	0	0	0
0	0	0	0	-0.153011
0	-7.54412	0	0	0
0	-7.51062	0	0	0
0	-7.50557	0	0	0
0	-7.51102	0	0	0
0	-7.5041	0	0	0
0	-7.50398	0	0	0
0	-7.5078	0	0	0
0	-7.50543	0	0	0
0	-7.50655	0	0	0
0	-7.13378	0	0	0
0	0	4.3398	0	-1.90204
0	-7.5042	0	0	0
0	-7.49756	0	0	0
0	0	-4.59928	0	1.85127
0	-7.92802	0	0	-1.14821
-10.2466	-0.0134375	0	-0.507427	0.0731408
-10.8752	-0.345698	0	0	0
0	-7.48083	0	0	0
0	-7.5203	0	0	0
-1.20084	0	0	-7.33087	0
-1.41914	-7.11907	0	0	0
0	-7.50399	0	0	0
0	-7.47735	0	0	0
0	-7.47714	0	0	0
0	-7.52089	0	0	0
0	0	4.60474	0	-1.72832
-1.23061	-7.30851	0	0	0
0	0	4.20163	0	-2.01537
0	-7.48997	0	0	0
0	-7.4803	0	0	0
-2.19433	0	0	-6.35925	0
0	-7.46275	0	0	0
0	-7.44611	0	0	0
-2.96783	-6.90744	0	0	0
-1.24949	-7.02258	0	0	0
0	-7.43849	0	0	0
-1.30983	-7.07966	0	0	0
-1.91205	0	-0.258667	-6.21611	0
-10.9876	0	0	0	0
-0.237277	0	0	0	-0.663908
0	0	-3.01775	-4.87861	0
0	-7.3506	0	0	0
0	-7.38484	0	0	0
0	0	-3.1149	-4.76138	0
0	-7.3643	0	0	0
0	-7.3769	0	0	0
-0.819737	0	0	-7.48979	0
0	-7.35533	0	0	0
0	-7.36051	0	0	0
0	0	-3.12806	-4.72176	0
-3.85663	-6.91473	0	0	0
0	0	-3.0436	-4.77374	0
0	-7.52798	0.915301	0	0
0	-7.26383	0	0	0
0	-7.30251	0	0	0
0	0	-3.2154	-4.57825	0
0	-0.157672	3.47832	0	-2.32347
0	-0.137119	3.48719	0	-2.29765
-0.206342	0	0	0	-0.311096
0	-2.43043	0	-3.01762	2.88751
-1.69678	-6.82237	0	0	0
0	-1.64277	0	-7.78578	0
-10.4426	0	-0.028207	0	0
0	-7.31893	0	0	0
-10.4885	0.0604248	0	0	0
-4.96026	0	0	0	0
0	-7.25692	0	0	0
-2.89855	-6.95022	0	0	0
0	-2.57215	0	-3.05749	2.82878
0	-7.18634	0	0	-0.635167
0	-7.29047	0	0	0
0	-7.42284	0	0	0
0	-2.69153	0	-2.52787	3.00096
0	0	-7.40554	0	0
-10.5857	-0.378335	0	0	0
0	7.88768	-2.08975	-0.0438265	1.74251
0	-7.33751	0	0	0.00302711
0	-7.2556	0	0	0
0	0.0395133	-7.3771	0	0
0	0	-7.36886	0	0
-2.34218	-6.91526	0	0	0
0	0	-7.35645	0	0
0	-0.609707	0	-8.06901	0
0	-7.01422	0	0	0
0	-1.85223	0	-7.60628	0
0	-0.599233	0	-8.07772	0
0	0	-7.33443	0	0
-2.87101	-6.73636	0	0	0
-10.5624	-0.00835594	0	0	0
-9.19111	-0.240404	0	-0.975556	0
-7.57193	0	-1.89854	0	0
0	0	-7.26309	0	0
-0.843849	7.06609	0	0	0
0	0.0579953	-7.25859	0	0
0	-7.10926	0	0	0
0	0.0037319	-7.22573	0	0
0	0	-7.20492	0	0
0	0	0	0	-4.96494
0	-0.926025	0	-7.85805	0
0	-0.939803	0	-7.83345	0
0	-0.646331	0	-7.87658	0
-0.121167	0	-3.60425	-3.7785	0
0	0	0	0	-4.86925
0	0	0	0	-4.91503
0	0	0	0	-4.92755
0	0	0	0	-4.94803
0	0	0	0	-4.92026
0	0	0	0	-4.92449
0	0	0	0	-4.92994
0	0	-7.12327	0	0
0	0	-0.0833756	0	-4.91005
0	0	-7.12849	0	0
0	0	0	0	-4.92665
0	0	0	0	-4.92936
0	0	0	0	-4.92572
0	0	0	0	-4.92427
0	0	0	0	-4.91742
0	0.041242	-7.13134	0	0
0	0	0	0	-4.90437
0.0850057	-6.83648	0	0	0
0	0	-7.17634	0	0
0	0	0	0	-4.91654
0	0	0	0	-4.90446
0.0160277	-6.83079	0	0	0
0	0.0864584	-7.11377	0	0
0	0	0	0	-4.90003
0	0	0	0	-4.88764
0	0	0	0	-4.925
0	0	0	0	-4.88677
0	0	0	0	-4.8871
0	0	0	0	-4.88902
0	0	0	0	-4.88008
0	-6.51348	0	0	0
0	0	0	0	-4.89827
0	0	0	0	-4.91387
0	0	0	0	-4.90864
0	0	0	0	-4.90503
-10.255	0	0	0	-0.352179
0	0	0	0	-4.90248
0	0.0181801	-0.53194	0	-4.84745
0	0	-0.527837	0	-4.85997
0	0	-0.536593	0	-4.85986
0	0	0	0	-4.89967
0	0	0	0	-4.89186
0	0	0	0	-4.89484
0	0	0	0	-4.9045
0	0	0	0	-4.90405
-0.0932347	0	-1.95012	-5.42483	0
0	0	0	0	-4.87832
0	0	0	0	-4.88985
0	0	0	0	-4.89017
0	0	0	0	-4.90797
0	0	0	0	-4.88888
0	0	-4.34948	0	1.72398
0	0	0	0	-4.88633
0	0	0	0	-4.89378
0	0	0	0	-4.89269
0	0	0	0	-4.88892
0	0	0	0	-4.88931
0	-2.29323	0	-2.53182	2.91668
0	0	0	0	-4.88313
0	0	0	0	-4.89174
0	0	0	0	-4.89166
0	0	0	0	-4.89155
0	0	0	0	-4.86863
0	0	0	0	-4.89936
0	0	0	0	-4.89528
0.180336	-6.80362	0	0	0
0	0	0	0	-4.8898
0	0	0	0	-4.87409
0	0	0	0	-4.8931
0	0	0	0	-4.88145
0	0	0	0	-4.88822
0	6.86775	0	0	0
0	-6.84831	0	0	0
0	0	0	0	-4.88238
0	0	0	0	-4.8667
0	0	0	0	-4.8746
0	0	0	0	-4.86816
0	0	0	0	-4.88119
-10.0588	-0.343394	0	0	0
-3.3091	-6.33877	0	0	0
0	0	0	0	-4.87423
0	0	0	0	-4.87611
0	0	0	0	-4.87363
0	0	0	0	-4.81364
0	-6.46665	0	0	0
0	0	0	0	-4.82645
0	0	0	0	-4.87071
0	0	0	0	-4.85499
0.0123881	0	0	0.102426	-4.73909
-1.58291	-6.24828	0	-2.00404	0
-0.349179	0	-6.86455	0	0
0	0	0	0	-4.86433
0	-6.94046	0	0	0
0.00612963	0	0	0.0765259	-4.75024
0.00288926	0	0	0.0537375	-4.76361
0	0	0	0	-4.8645
0	0	0	0	-4.86195
0	0	0	0	-4.86304
0.000882609	0	0	0.0580468	-4.75875
0	0	0	0	-4.86003
0	0	0	0.0476648	-4.76228
-10.0043	-0.128222	0	0	0
0	0	0	0	-4.79841
0	-2.56748	0	-2.95172	2.57987
0	0	0	-6.58447	0.178667
0	0	0	0	-4.84906
0	0	0	0	-4.84915
0	0	0	0	-4.84996
0	0	0	0	-4.77868
0	0	0	0	-4.82386
0	0	0	0	-4.83629
0	0	3.77971	0	-1.81769
2.06862	0	-7.96472	0	0.326765
0	0	3.78863	0	-1.82743
-1.09886	0	0	0	-0.792298
-0.905993	0	-6.39486	0	0
0.0104693	0	0	0.0951694	-4.70278
0.0646087	0	0	0.276986	-4.5741
-10.1638	0	0.0660266	0	0
0	0	0	0	-4.79626
-1.82023	-6.21727	0	0	0
-0.0432571	0	-6.99257	0	0
-1.10313	0	0	0	-0.75281
0	0	0	0	-4.78316
-0.45343	0	-6.69481	0	0
-9.97501	-0.116024	0	0	0
0.23701	-6.73269	0	0	0
0	0.204976	-0.301628	0	-4.59974
0	0	0	0	-4.74636
0	6.88446	0	0	0
0	0	0	0	-4.73608
0	-0.408329	0	-7.51287	0
-0.751659	0	0	-6.80535	0
-0.851731	0	0	-6.73245	0
-10.0363	-0.0590979	0	0	0
0	-6.6962	0	0	0
0	0	-4.43765	0	1.58246
-8.92908	-0.848769	-0.0622343	-0.379321	0.0550203
1.99027	0	-7.72045	0	0.393842
-0.716218	0	0	-6.83935	0
0	-6.68022	-0.00180895	-0.0195303	0
-0.723841	0	0	-6.82364	0
-0.118975	0	-6.90961	0	0
-0.890375	-6.32658	0	0	0
0	6.72064	0	0	-0.113595
0	-1.67199	0	-2.36923	2.97727
0	-0.510746	0.0818184	-7.62602	0
-0.0113639	0	-6.92263	0	0
0	0	-4.0486	0	1.7567
-0.0915233	0	-6.86276	0	0
0	-6.1695	0	0	0
-0.536908	0.00129084	0	-6.79122	0
-0.693194	0	0	-6.78432	0
-0.349732	0	0	-7.00013	0
0.0208402	-6.72085	0	0	0
0	0	-6.8962	0	0
-2.69768	0	0	-5.28407	0
0.0783355	0	0	0.34113	-4.44384
-0.0447977	0	-6.85697	0	0
0	0	0.115874	0	-4.5058
0	0	3.52115	0	-1.82963
-0.0788243	0	-6.81491	0	0
0	0	0	0	-4.69898
0	-6.54584	0	0	0.0839274
-8.51465	-0.693915	-0.179057	-0.41532	0.0984042
0	0	-6.84771	0	0
-2.36679	0	-1.93466	-2.49062	0.296694
-9.65692	-0.391504	0	0	0
-0.86797	0	0	-6.5237	0
-0.0241055	-6.50984	-0.0973303	-0.129147	0.0936429
0	0.744039	0	0	-4.05592
-0.458185	0	-6.45118	0	0
0	0.0969267	-6.74789	0	0
-0.611911	0	-6.37962	0	0
0	0	0	0	-4.632
0	0	0	0	-4.6688
-0.740043	0	0	-6.65197	0
0	0	-2.08873	-4.97334	0
0	-2.4999	0	-2.78921	2.51237
0	0.169782	-6.73304	0	0
0	-1.97047	0	-2.54221	2.71019
0	-0.280248	0	0	-4.54333
1.98316	0	-7.74416	0	0.237958
0	-2.4593	0	-2.77566	2.49886
-6.42861	0	0	0	-4.02225
0	-0.750016	0	-2.52765	2.82673
0	-1.80494	0	-3.03882	2.38703
-0.31953	-6.08366	0	0	0
0.0337189	0	0	0.249208	-4.40041
-0.0814617	0	-6.64076	0	0
0	0	0	0	-4.56788
-2.92912	0	0	-5.023	0
0	-0.192677	0	-7.30101	0
0	0	-6.67855	0	0
0	-1.76847	0	-2.87383	2.47011
0	0	-1.39363	-5.34403	0
-4.74887	0	0	0	-0.308284
0	0	-4.23959	0	1.51949
0	-1.8575	0	-3.05523	2.33546
0	-1.74583	0	-2.90788	2.42876
0	0	0	-5.95474	0.735053
0	-6.13493	0	0	0.302982
0	0.331261	-6.59832	0	0
0	-1.11969	0	-2.70042	2.57277
0	0	-4.23326	0	1.5105
0	0	-6.61991	0	0
-8.89417	-0.116663	0	-0.300231	0.0225747
0	-2.49364	0	-2.9137	2.3173
-0.659859	0	-6.06928	0	0
0	-0.677558	0	-2.57976	2.71068
0	-1.99642	0	-2.73126	2.46099
0	0	-4.31177	0	1.45158
0	0	-4.17462	0	1.51436
0	0	-6.55925	0	0
-4.94716	0	0	0	0
0	-6.24505	0	0	0.0266864
0	-1.95618	0	-2.70484	2.46583
0	-1.74398	0	-2.69637	2.50805
0	0	-4.19613	0	1.48812
-2.03605	-6.08062	0	0	0
0	0	-6.55204	0	0
0	-1.80654	0	-2.63017	2.53406
0	0	-4.1268	0	1.50141
0	-6.21464	-0.00326702	-0.0185254	0.0930283
-4.97329	0	0	0	0
-1.69456	-0.833512	0	-5.75768	0
0	0	-3.55934	-2.68992	0.208135
0	0	-6.45675	0	0
0	-6.12179	0	0	0
-0.0900045	6.43766	0	0	0
0	0	-6.46017	0	0
0	0	-2.90718	-2.70048	0.647319
0	-6.10919	0	0	0
0	-6.12516	0	0	0
0	6.40834	0	0	0
0	-6.12471	0	0	0
0	-6.09357	0	0	0
0	-6.07049	0	0	0
0	0	-3.48594	-2.64133	0.245764
-0.270559	6.09279	0	0	0
-6.3642	0	0	-1.97312	0
0	0	-6.35553	0	0
0	6.37241	0	0	0
0	0	3.38971	0	-1.77361
0	6.36662	0	0	0
0	6.34857	0	0	0
0	-6.13173	0	0	0.0332205
0	0	-6.32552	0	0
0	0	3.3638	0	-1.77374
-9.17506	-0.0434239	0	0	0
0	0	-1.96427	-4.58463	0
0	-2.66059	0	-3.90793	1.48942
-0.335751	0	-0.149949	0	-4.33074
0	-5.97385	0	0	0
0	-1.5365	0	-2.28026	2.64775
0	0	3.46358	0	-1.59281
0	-0.0302551	3.20529	0	-1.84001
0	6.16278	0	0	-0.0875966
-0.305468	0	-0.130563	0	-4.31059
0	0	-6.21144	0	0
-1.02849	5.95511	0	0	0
0	-2.26001	0	-2.89107	2.15839
-2.14834	-5.77352	0	0	0
0	0	0	0	-4.27132
0	0	-6.21497	0	0
-0.204484	0	0	0	0
0	0	-6.09231	0	0
-2.16222	-5.74755	0	0	0
0	0.352163	-6.27524	0	0
-2.306	0	0	0	-0.346083
0	0	0	-7.04052	0
0	-0.0135504	0.64272	-7.54922	0
0	-5.91984	0	0	0
0	-5.89637	0	0	0
-3.39948	0	0	0	-1.81074
-0.330839	-5.89918	0	0	0
-0.686334	0	0	0	-4.23534
0	6.78955	-4.25467	0	1.61669
0	-5.89755	0	0	0
-0.702409	0	0	0	-4.21802
0	-5.68179	0	0	-0.0938265
0	0	0	0	-4.22683
0	0	-5.98625	0	0
0	-5.88577	0	0	0
-3.50138	0	0	0	-1.93465
0	-5.87759	0	0	0
-4.64099	0	0	0	0
-8.83921	0	0	0	-0.177963
-2.22422	-5.81851	0	0	0
0	-5.8773	0	0	0
0	-5.88134	0	0	0
0	-6.16151	0	0	-0.561259
-8.83613	0	0	0	-0.174911
-3.8066	0	0	0	0
-4.61751	0	0	0	0
0	-5.86019	0	0	0
0	-5.86764	0	0	0
0	-5.86454	0	0	0
0	-5.84782	0	0	-0.0131884
-0.287458	-5.75409	0	0	0
0	-5.8602	0	0	0
0	-5.86083	0	0	0
0	-5.86855	0	0	0
-8.73947	0.584009	0	0	-0.0841175
0	-5.85076	0	0	0
0	-5.85168	0	0	0
0	-5.85289	0	0	0
-3.82735	0	0	0	-2.00296
0	-5.87582	0	0	0
0	-5.84632	0	0	0
-8.54453	-0.216935	0	0	0
0	5.79721	0	0	-0.0491578
0	-5.82289	0	0	0
0	-1.53549	0.882202	0	-3.23671
0	-1.81366	0.5805	0	-3.49978
2.79646	0	-8.00083	0	0.0079892
0	-0.216829	0.212266	-6.7914	0
0	-5.82852	0	0	0
-3.29934	0	0	0	-1.76397
3.04223	0	-8.14604	0	0
0	0	0	0	-4.15471
-8.71902	0	0	0	-0.139597
0	0.349399	-5.98839	0	0
-8.74504	0	0	0	-0.145133
-8.74368	0	0	0	-0.160005
0	0	-0.327134	-4.60603	0.70426
0	-2.32131	0	0	-3.95041
0	-1.20278	1.14955	0	-2.91727
-1.10322	0	0	0	-4.10358
0	5.84298	0	0	-0.104491
-4.38842	0	0	0	0
-8.70419	0	0	0	-0.139341
0	-2.83351	-0.17362	-3.77662	1.194
2.87904	0	-7.99099	0	0
-3.54743	0	0	0	-1.9322
-0.738455	5.78763	0	0	0
0	0	-6.03732	0	0
-3.4478	0	0	0	0
0	0	0	0	-4.0646
-8.33851	0.271468	0	0	0
0	-5.24938	0	0	0
2.59472	0	-7.76689	0	0
0	-5.77709	-0.0230717	-0.0442413	0.0237853
0	5.84405	0	0	0
0	-5.76463	0	0	-0.138655
0	5.84706	0	0	0
0	5.85969	0	0	0
2.82237	0	-7.8647	0	0.0260697
0	-2.59077	0	0	-4.1718
0	5.85465	0	0	0
2.39614	0	-7.59074	0	0
2.79904	0	-7.89033	0	0
2.66422	0	-7.79001	0	0
-8.60808	0.647217	0	0	0
2.53476	0	-7.6832	0	0
2.42702	0	-7.59938	0	0
0	0.0513583	-6.019	0	-0.077699
-8.53216	0	0	0	-0.0402021
0	-5.5445	0	0	-0.0135377
-3.67386	0	0	0	-2.03617
0	-5.98249	0	0	-0.513909
2.55405	0	-7.67984	0	0
-8.33306	-0.372954	0	0	0
-3.63709	0	0	0	-2.02126
0	5.88781	0	0	0
-2.58598	5.6748	0	0	0
0	-5.96174	0	0	-0.494189
0	-5.92909	0	0	-0.471523
2.68933	0	-7.77044	0	0
2.54752	0	-7.65767	0	0
0	0	0	0	-3.95465
-3.64576	0	0	0	-2.04765
0	-5.50542	0	0	0
0	-5.69102	0	0	-0.129525
-2.57698	5.69993	0	0	0
0	-5.50483	0	0	-0.00481076
0	-5.43204	0	0	0
-2.54217	5.67771	0	0	0
2.64905	0	-7.7002	0	0
0	-5.62001	0	0	0
2.66768	0	-7.71067	0	0
2.62941	0	-7.68678	0	0
-3.65245	0	0	0	-1.92575
-3.38681	0	0	0	-1.87936
0	5.41546	0	0	0
-7.985	-3.59786	0	0	0
2.08832	0	-7.00031	0	0.196904
2.63316	0	-7.67515	0	0
2.63961	0	-7.68154	0	0
2.59488	0	-7.65126	0	0
-0.141761	0	-3.28463	-2.62305	0
0	0	0	-6.32273	0
2.62496	0	-7.6516	0	0
0	-5.78938	0	0	0
0	-5.47079	0	0	0
0	-2.55375	0	-3.75285	1.24551
0	-2.54623	0	-3.76976	1.24766
-3.22736	0	0	0	-2.0112
0	-2.50611	0	-3.60548	1.34768
2.52348	0	-7.57634	0	0
2.60699	0	-7.61641	0	0.0113286
-7.91512	-3.60643	0	0	0
0	-2.60499	-0.0167603	-3.74627	1.23118
0	-5.22642	0	0	0
0	-5.7361	0	0	-0.567532
-3.73597	0	0	0	-2.09038
2.49509	0	-7.54111	0	0
2.52646	0	-7.54774	0	0
2.55167	0	-7.54428	0	0
2.49731	0	-7.5206	0	0
0	-5.85129	0	0	-0.498877
0	-2.28448	0	-3.70044	1.26633
2.45029	0	-7.47307	0	0.0151997
0	-5.60328	0	0	-0.115434
-8.29899	0.384144	0	0	0
0	0	3.28005	0	-1.35301
-3.26749	0	0	0	-2.07271
2.60366	0	-7.57406	0	0
0	-5.55046	0	0	-0.0722502
0	-5.55683	0	0	-0.0764883
0	-0.0433186	-5.75125	0	0
-2.60584	5.60394	0	0	0
2.72999	0	-7.63664	0	0
2.59828	0	-7.57817	0	0
0	-5.54598	0	0	-0.0809864
2.53176	0	-7.50567	0	0
-7.63745	-4.01571	0	0	0
2.5506	0	-7.44528	0	0.0554773
0	0	-3.64754	0	1.29818
2.60944	0	-7.56756	0	0
0	-0.0797757	-3.9797	-1.76504	0.000986562
-3.41454	0	0	0	0
-7.67361	-4.02724	0	0	0
0	-5.46752	0	0	-0.0382458
0	-5.49189	0	0	-0.0635184
2.49479	0	-7.44812	0	0
0	0	-3.62804	0	1.29269
-8.19038	0.0951174	0	0	0
0	-2.53655	0	-3.55838	1.29856
0	-5.37467	0	0	0
0	-5.48942	0	0	-0.0809863
0	-5.49389	0	0	-0.0733704
0	0.492385	-5.72981	0	0
0	-2.54644	0	-3.62563	1.25152
0	-5.45589	0	0	-0.045208
0	-5.4599	0	0	-0.0601278
0	-5.58546	0	0	0
-2.09464	-5.10236	0	0	0
0	0	0	-6.10799	0
0	0	-5.65348	0	0
0	-1.69779	0	-1.75003	2.5082
0	0	0	0	-3.82323
0	-5.47224	0	0	-0.0716573
0	0	3.15954	0	-1.39184
0	0.49365	0	0	-3.66105
0	-2.71054	-0.183169	-3.68111	1.03738
-7.56883	-3.92055	0	0	0
-7.58132	-3.98453	0	0	0
0	0.48764	-5.70194	0	0
-7.71023	0	0	0	0
-2.14996	-5.18067	0	0	0
-0.806999	-4.92238	0	0	0
0	-5.32872	0	0	0
0	5.51213	0	0	0
-0.759434	-4.91836	0	0	0
0	-2.57127	-0.0954456	-3.68556	1.11749
-7.74946	-3.3424	0	0	0
-5.44685	0	0.010981	0	-0.199943
-2.16133	-5.13196	0	0	0
-2.1688	-5.14554	0	0	0
-8.10886	0	0	0	-0.268662
-5.455	0	0.017158	0	-0.215017
-5.44259	0	0.0054035	0	-0.222363
2.10461	0	-6.7018	0	0.241098
2.08112	0	-6.67534	0	0.254729
-2.16615	-5.11963	0	0	0
-5.50006	0	0.071018	0	-0.170464
-8.05885	0	0	0	-0.238609
0	-0.0684301	2.73619	0	-1.70116
